<?xml version="1.0" encoding="utf-8"?><testsuites name="pytest tests"><testsuite name="pytest" errors="0" failures="0" skipped="0" tests="6" time="9.531" timestamp="2026-09-08T15:13:24.031862+00:00" hostname="agent-env-2bcd5232-6cb6-4f07-88d0-0f816f4771ca"><testcase classname="tests.test_admin_console.TestBatchesAdminCRUD" name="test_create_batch_default_hero_image_when_empty" time="7.283" /><testcase classname="tests.test_admin_console.TestNotesUploadAndDelete" name="test_upload_pdf_then_get_file_then_delete" time="8.025" /><testcase classname="tests.test_admin_console.TestBatchesAdminCRUD" name="test_delete_unknown_batch_returns_404" time="0.076" /><testcase classname="tests.test_admin_console.TestQuizCreate" name="test_create_quiz_manual" time="0.149" /><testcase classname="tests.test_admin_console.TestNotesUploadAndDelete" name="test_upload_fake_video_mp4" time="1.085" /><testcase classname="tests.test_admin_console.TestNotesUploadAndDelete" name="test_delete_unknown_note_returns_404" time="0.083" /></testsuite></testsuites>