<?xml version="1.0" encoding="utf-8"?><testsuites name="pytest tests"><testsuite name="pytest" errors="0" failures="0" skipped="0" tests="10" time="21.802" timestamp="2026-09-08T14:51:47.630444+00:00" hostname="agent-env-2bcd5232-6cb6-4f07-88d0-0f816f4771ca"><testcase classname="tests.test_new_features.TestAIGenerators" name="test_generate_quiz_returns_three_mcqs" time="8.047" /><testcase classname="tests.test_new_features.TestUPIPayments" name="test_checkout_returns_upi_url_with_tr_param" time="1.658" /><testcase classname="tests.test_new_features.TestUPIPayments" name="test_get_payment_returns_pending" time="0.188" /><testcase classname="tests.test_new_features.TestUPIPayments" name="test_confirm_marks_paid_enrolls_user_and_idempotent" time="0.373" /><testcase classname="tests.test_new_features.TestUPIPayments" name="test_confirm_unknown_payment_404" time="0.076" /><testcase classname="tests.test_new_features.TestPushRegister" name="test_register_push_placeholder_key_fail_soft" time="0.212" /><testcase classname="tests.test_new_features.TestLiveStartPushSafe" name="test_live_start_ok_even_with_placeholder_push_key" time="0.281" /><testcase classname="tests.test_new_features.TestAIPhoto" name="test_ai_photo_streams_text_plain" time="4.949" /><testcase classname="tests.test_new_features.TestAIGenerators" name="test_write_batch_returns_description" time="13.152" /><testcase classname="tests.test_new_features.TestLeaderboard" name="test_leaderboard_sorted_and_shape" time="0.274" /></testsuite></testsuites>