<?xml version="1.0" encoding="utf-8"?><testsuites name="pytest tests"><testsuite name="pytest" errors="0" failures="0" skipped="0" tests="15" time="6.736" timestamp="2026-09-08T14:28:12.110947+00:00" hostname="agent-env-2bcd5232-6cb6-4f07-88d0-0f816f4771ca"><testcase classname="tests.test_backend_api.TestBatches" name="test_list_seeded_batches" time="0.397" /><testcase classname="tests.test_backend_api.TestAuth" name="test_student_login_creates_user" time="0.494" /><testcase classname="tests.test_backend_api.TestBatches" name="test_get_batch_detail_and_404" time="0.175" /><testcase classname="tests.test_backend_api.TestAuth" name="test_admin_login_success" time="0.074" /><testcase classname="tests.test_backend_api.TestAuth" name="test_admin_login_wrong_password" time="0.046" /><testcase classname="tests.test_backend_api.TestLive" name="test_start_current_end_creates_note" time="0.340" /><testcase classname="tests.test_backend_api.TestBatches" name="test_create_purchase_and_list_user_batches" time="0.326" /><testcase classname="tests.test_backend_api" name="test_health" time="0.032" /><testcase classname="tests.test_backend_api.TestChat" name="test_post_and_list_chat" time="0.115" /><testcase classname="tests.test_backend_api.TestPolls" name="test_poll_full_flow" time="0.375" /><testcase classname="tests.test_backend_api.TestQuizzes" name="test_list_get_create_submit_scores" time="0.320" /><testcase classname="tests.test_backend_api.TestNotes" name="test_list_and_filters" time="0.202" /><testcase classname="tests.test_backend_api.TestAnalytics" name="test_admin_analytics" time="0.084" /><testcase classname="tests.test_backend_api.TestAI" name="test_ai_chat_streams" time="4.954" /><testcase classname="tests.test_backend_api.TestUpload" name="test_upload_and_fetch_pdf" time="2.193" /></testsuite></testsuites>